<?xml version="1.0" encoding="UTF-8"?>
<!-- Generated by org.testng.reporters.JUnitReportReporter -->
<testsuite hostname="Vishwakarma" failures="0" tests="6" name="org.wikipedia.runner.TestNGRunner" time="55.081" errors="0" timestamp="2025-09-12T09:48:51 GMT-04:00" skipped="0">
  <testcase classname="org.wikipedia.runner.TestNGRunner" name="runScenario" time="5.547"/>
  <testcase classname="org.wikipedia.runner.TestNGRunner" name="runScenario" time="5.973"/>
  <testcase classname="org.wikipedia.runner.TestNGRunner" name="runScenario" time="16.840"/>
  <testcase classname="org.wikipedia.runner.TestNGRunner" name="runScenario" time="7.812"/>
  <testcase classname="org.wikipedia.runner.TestNGRunner" name="runScenario" time="11.159"/>
  <testcase classname="org.wikipedia.runner.TestNGRunner" name="runScenario" time="7.750"/>
</testsuite> <!-- org.wikipedia.runner.TestNGRunner -->
