<?xml version="1.0" encoding="UTF-8"?>
<!-- Generated by org.testng.reporters.JUnitReportReporter -->
<testsuite hostname="Vishwakarma" failures="0" tests="6" name="org.wikipedia.runner.TestNGRunner" time="60.756" errors="0" timestamp="2025-09-15T10:32:52 GMT-04:00" skipped="0">
  <testcase classname="org.wikipedia.runner.TestNGRunner" name="runScenario" time="5.701"/>
  <testcase classname="org.wikipedia.runner.TestNGRunner" name="runScenario" time="9.840"/>
  <testcase classname="org.wikipedia.runner.TestNGRunner" name="runScenario" time="5.594"/>
  <testcase classname="org.wikipedia.runner.TestNGRunner" name="runScenario" time="9.522"/>
  <testcase classname="org.wikipedia.runner.TestNGRunner" name="runScenario" time="19.233"/>
  <testcase classname="org.wikipedia.runner.TestNGRunner" name="runScenario" time="10.866"/>
</testsuite> <!-- org.wikipedia.runner.TestNGRunner -->
