<?xml version="1.0" encoding="UTF-8"?>
<!-- Generated by org.testng.reporters.JUnitReportReporter -->
<testsuite hostname="Vishwakarma" failures="1" tests="57" name="org.wikipedia.runner.TestNGRunner" time="471.627" errors="0" timestamp="2025-09-15T14:21:57 GMT-04:00" skipped="0">
  <testcase classname="org.wikipedia.runner.TestNGRunner" name="runScenario" time="4.151"/>
  <testcase classname="org.wikipedia.runner.TestNGRunner" name="runScenario" time="4.633"/>
  <testcase classname="org.wikipedia.runner.TestNGRunner" name="runScenario" time="4.140"/>
  <testcase classname="org.wikipedia.runner.TestNGRunner" name="runScenario" time="4.679"/>
  <testcase classname="org.wikipedia.runner.TestNGRunner" name="runScenario" time="9.519"/>
  <testcase classname="org.wikipedia.runner.TestNGRunner" name="runScenario" time="11.244"/>
  <testcase classname="org.wikipedia.runner.TestNGRunner" name="runScenario" time="4.843"/>
  <testcase classname="org.wikipedia.runner.TestNGRunner" name="runScenario" time="15.801"/>
  <testcase classname="org.wikipedia.runner.TestNGRunner" name="runScenario" time="5.069"/>
  <testcase classname="org.wikipedia.runner.TestNGRunner" name="runScenario" time="4.806"/>
  <testcase classname="org.wikipedia.runner.TestNGRunner" name="runScenario" time="5.097"/>
  <testcase classname="org.wikipedia.runner.TestNGRunner" name="runScenario" time="4.587"/>
  <testcase classname="org.wikipedia.runner.TestNGRunner" name="runScenario" time="4.352"/>
  <testcase classname="org.wikipedia.runner.TestNGRunner" name="runScenario" time="4.733"/>
  <testcase classname="org.wikipedia.runner.TestNGRunner" name="runScenario" time="15.412"/>
  <testcase classname="org.wikipedia.runner.TestNGRunner" name="runScenario" time="11.849"/>
  <testcase classname="org.wikipedia.runner.TestNGRunner" name="runScenario" time="7.977"/>
  <testcase classname="org.wikipedia.runner.TestNGRunner" name="runScenario" time="11.441"/>
  <testcase classname="org.wikipedia.runner.TestNGRunner" name="runScenario" time="4.786"/>
  <testcase classname="org.wikipedia.runner.TestNGRunner" name="runScenario" time="4.873"/>
  <testcase classname="org.wikipedia.runner.TestNGRunner" name="runScenario" time="5.121"/>
  <testcase classname="org.wikipedia.runner.TestNGRunner" name="runScenario" time="10.891"/>
  <testcase classname="org.wikipedia.runner.TestNGRunner" name="runScenario" time="4.739"/>
  <testcase classname="org.wikipedia.runner.TestNGRunner" name="runScenario" time="4.262"/>
  <testcase classname="org.wikipedia.runner.TestNGRunner" name="runScenario" time="10.936"/>
  <testcase classname="org.wikipedia.runner.TestNGRunner" name="runScenario" time="19.384">
    <failure message="Not all languages were selectable" type="java.lang.AssertionError">
      <![CDATA[java.lang.AssertionError: Not all languages were selectable
at org.junit.Assert.fail(Assert.java:89)
at org.junit.Assert.assertTrue(Assert.java:42)
at org.wikipedia.stepdefs.F2_StepDef.each_language_option_should_be_selectable(F2_StepDef.java:54)
at âœ½.each language option should be selectable(file:///G:/ECLIPSE_PLAYGROUND/ParallelAutomation/src/test/resources/features/F2_HomePageFunctionality.feature:42)
]]>
    </failure>
  </testcase> <!-- runScenario -->
  <testcase classname="org.wikipedia.runner.TestNGRunner" name="runScenario" time="5.130"/>
  <testcase classname="org.wikipedia.runner.TestNGRunner" name="runScenario" time="8.118"/>
  <testcase classname="org.wikipedia.runner.TestNGRunner" name="runScenario" time="14.540"/>
  <testcase classname="org.wikipedia.runner.TestNGRunner" name="runScenario" time="18.136"/>
  <testcase classname="org.wikipedia.runner.TestNGRunner" name="runScenario" time="4.398"/>
  <testcase classname="org.wikipedia.runner.TestNGRunner" name="runScenario" time="11.649"/>
  <testcase classname="org.wikipedia.runner.TestNGRunner" name="runScenario" time="17.018"/>
  <testcase classname="org.wikipedia.runner.TestNGRunner" name="runScenario" time="14.561"/>
  <testcase classname="org.wikipedia.runner.TestNGRunner" name="runScenario" time="9.779"/>
  <testcase classname="org.wikipedia.runner.TestNGRunner" name="runScenario" time="4.688"/>
  <testcase classname="org.wikipedia.runner.TestNGRunner" name="runScenario" time="19.735"/>
  <testcase classname="org.wikipedia.runner.TestNGRunner" name="runScenario" time="10.846"/>
  <testcase classname="org.wikipedia.runner.TestNGRunner" name="runScenario" time="4.186"/>
  <testcase classname="org.wikipedia.runner.TestNGRunner" name="runScenario" time="5.290"/>
  <testcase classname="org.wikipedia.runner.TestNGRunner" name="runScenario" time="4.489"/>
  <testcase classname="org.wikipedia.runner.TestNGRunner" name="runScenario" time="4.239"/>
  <testcase classname="org.wikipedia.runner.TestNGRunner" name="runScenario" time="16.752"/>
  <testcase classname="org.wikipedia.runner.TestNGRunner" name="runScenario" time="4.822"/>
  <testcase classname="org.wikipedia.runner.TestNGRunner" name="runScenario" time="10.513"/>
  <testcase classname="org.wikipedia.runner.TestNGRunner" name="runScenario" time="5.122"/>
  <testcase classname="org.wikipedia.runner.TestNGRunner" name="runScenario" time="11.626"/>
  <testcase classname="org.wikipedia.runner.TestNGRunner" name="runScenario" time="10.507"/>
  <testcase classname="org.wikipedia.runner.TestNGRunner" name="runScenario" time="4.245"/>
  <testcase classname="org.wikipedia.runner.TestNGRunner" name="runScenario" time="4.755"/>
  <testcase classname="org.wikipedia.runner.TestNGRunner" name="runScenario" time="10.782"/>
  <testcase classname="org.wikipedia.runner.TestNGRunner" name="runScenario" time="4.708"/>
  <testcase classname="org.wikipedia.runner.TestNGRunner" name="runScenario" time="11.749"/>
  <testcase classname="org.wikipedia.runner.TestNGRunner" name="runScenario" time="4.498"/>
  <testcase classname="org.wikipedia.runner.TestNGRunner" name="runScenario" time="4.589"/>
  <testcase classname="org.wikipedia.runner.TestNGRunner" name="runScenario" time="5.137"/>
  <testcase classname="org.wikipedia.runner.TestNGRunner" name="runScenario" time="5.695"/>
</testsuite> <!-- org.wikipedia.runner.TestNGRunner -->
