<?xml version="1.0" encoding="UTF-8"?>
<!-- Generated by org.testng.reporters.JUnitReportReporter -->
<testsuite hostname="Vishwakarma" failures="1" tests="57" name="org.wikipedia.runner.TestNGRunner" time="507.229" errors="0" timestamp="2025-09-12T13:03:15 GMT-04:00" skipped="0">
  <testcase classname="org.wikipedia.runner.TestNGRunner" name="runScenario" time="5.211"/>
  <testcase classname="org.wikipedia.runner.TestNGRunner" name="runScenario" time="13.152"/>
  <testcase classname="org.wikipedia.runner.TestNGRunner" name="runScenario" time="6.092"/>
  <testcase classname="org.wikipedia.runner.TestNGRunner" name="runScenario" time="6.986"/>
  <testcase classname="org.wikipedia.runner.TestNGRunner" name="runScenario" time="5.425"/>
  <testcase classname="org.wikipedia.runner.TestNGRunner" name="runScenario" time="4.472"/>
  <testcase classname="org.wikipedia.runner.TestNGRunner" name="runScenario" time="20.840"/>
  <testcase classname="org.wikipedia.runner.TestNGRunner" name="runScenario" time="13.220"/>
  <testcase classname="org.wikipedia.runner.TestNGRunner" name="runScenario" time="4.754"/>
  <testcase classname="org.wikipedia.runner.TestNGRunner" name="runScenario" time="4.691"/>
  <testcase classname="org.wikipedia.runner.TestNGRunner" name="runScenario" time="10.814"/>
  <testcase classname="org.wikipedia.runner.TestNGRunner" name="runScenario" time="5.294"/>
  <testcase classname="org.wikipedia.runner.TestNGRunner" name="runScenario" time="4.886"/>
  <testcase classname="org.wikipedia.runner.TestNGRunner" name="runScenario" time="11.419"/>
  <testcase classname="org.wikipedia.runner.TestNGRunner" name="runScenario" time="4.406"/>
  <testcase classname="org.wikipedia.runner.TestNGRunner" name="runScenario" time="5.134"/>
  <testcase classname="org.wikipedia.runner.TestNGRunner" name="runScenario" time="5.169"/>
  <testcase classname="org.wikipedia.runner.TestNGRunner" name="runScenario" time="10.883"/>
  <testcase classname="org.wikipedia.runner.TestNGRunner" name="runScenario" time="4.265"/>
  <testcase classname="org.wikipedia.runner.TestNGRunner" name="runScenario" time="11.824"/>
  <testcase classname="org.wikipedia.runner.TestNGRunner" name="runScenario" time="5.713"/>
  <testcase classname="org.wikipedia.runner.TestNGRunner" name="runScenario" time="19.753"/>
  <testcase classname="org.wikipedia.runner.TestNGRunner" name="runScenario" time="15.203"/>
  <testcase classname="org.wikipedia.runner.TestNGRunner" name="runScenario" time="17.897"/>
  <testcase classname="org.wikipedia.runner.TestNGRunner" name="runScenario" time="5.173"/>
  <testcase classname="org.wikipedia.runner.TestNGRunner" name="runScenario" time="7.402"/>
  <testcase classname="org.wikipedia.runner.TestNGRunner" name="runScenario" time="6.842"/>
  <testcase classname="org.wikipedia.runner.TestNGRunner" name="runScenario" time="10.595"/>
  <testcase classname="org.wikipedia.runner.TestNGRunner" name="runScenario" time="17.737"/>
  <testcase classname="org.wikipedia.runner.TestNGRunner" name="runScenario" time="5.090"/>
  <testcase classname="org.wikipedia.runner.TestNGRunner" name="runScenario" time="13.852"/>
  <testcase classname="org.wikipedia.runner.TestNGRunner" name="runScenario" time="8.908"/>
  <testcase classname="org.wikipedia.runner.TestNGRunner" name="runScenario" time="4.925"/>
  <testcase classname="org.wikipedia.runner.TestNGRunner" name="runScenario" time="12.671"/>
  <testcase classname="org.wikipedia.runner.TestNGRunner" name="runScenario" time="15.154"/>
  <testcase classname="org.wikipedia.runner.TestNGRunner" name="runScenario" time="11.108"/>
  <testcase classname="org.wikipedia.runner.TestNGRunner" name="runScenario" time="4.222"/>
  <testcase classname="org.wikipedia.runner.TestNGRunner" name="runScenario" time="4.832"/>
  <testcase classname="org.wikipedia.runner.TestNGRunner" name="runScenario" time="19.586"/>
  <testcase classname="org.wikipedia.runner.TestNGRunner" name="runScenario" time="4.386"/>
  <testcase classname="org.wikipedia.runner.TestNGRunner" name="runScenario" time="9.649"/>
  <testcase classname="org.wikipedia.runner.TestNGRunner" name="runScenario" time="4.625"/>
  <testcase classname="org.wikipedia.runner.TestNGRunner" name="runScenario" time="4.575"/>
  <testcase classname="org.wikipedia.runner.TestNGRunner" name="runScenario" time="5.233"/>
  <testcase classname="org.wikipedia.runner.TestNGRunner" name="runScenario" time="10.687"/>
  <testcase classname="org.wikipedia.runner.TestNGRunner" name="runScenario" time="5.440"/>
  <testcase classname="org.wikipedia.runner.TestNGRunner" name="runScenario" time="4.465"/>
  <testcase classname="org.wikipedia.runner.TestNGRunner" name="runScenario" time="4.298"/>
  <testcase classname="org.wikipedia.runner.TestNGRunner" name="runScenario" time="18.066">
    <failure message="Not all languages were selectable" type="java.lang.AssertionError">
      <![CDATA[java.lang.AssertionError: Not all languages were selectable
at org.junit.Assert.fail(Assert.java:89)
at org.junit.Assert.assertTrue(Assert.java:42)
at org.wikipedia.stepdefs.F2_StepDef.each_language_option_should_be_selectable(F2_StepDef.java:54)
at âœ½.each language option should be selectable(file:///G:/ECLIPSE_PLAYGROUND/ParallelAutomation/src/test/resources/features/F2_HomePageFunctionality.feature:42)
]]>
    </failure>
  </testcase> <!-- runScenario -->
  <testcase classname="org.wikipedia.runner.TestNGRunner" name="runScenario" time="5.111"/>
  <testcase classname="org.wikipedia.runner.TestNGRunner" name="runScenario" time="5.384"/>
  <testcase classname="org.wikipedia.runner.TestNGRunner" name="runScenario" time="21.500"/>
  <testcase classname="org.wikipedia.runner.TestNGRunner" name="runScenario" time="4.904"/>
  <testcase classname="org.wikipedia.runner.TestNGRunner" name="runScenario" time="4.840"/>
  <testcase classname="org.wikipedia.runner.TestNGRunner" name="runScenario" time="5.538"/>
  <testcase classname="org.wikipedia.runner.TestNGRunner" name="runScenario" time="12.168"/>
  <testcase classname="org.wikipedia.runner.TestNGRunner" name="runScenario" time="10.760"/>
</testsuite> <!-- org.wikipedia.runner.TestNGRunner -->
